<?xml version="1.0" encoding="UTF-8"?>
<testsuite name="com.example.spring_basic_auth_example.service.UserCRUDServiceTest" tests="1" skipped="0" failures="0" errors="0" timestamp="2024-10-22T11:21:53" hostname="WIN-5U1SEOJ4VOI" time="0.081">
  <properties/>
  <testcase name="Test get user payments" classname="com.example.spring_basic_auth_example.service.UserCRUDServiceTest" time="0.081"/>
  <system-out><![CDATA[]]></system-out>
  <system-err><![CDATA[]]></system-err>
</testsuite>
